[0.009s] Invoking command in '/home/ryota/manipulator_ws/build/gateway_pkg': CMAKE_PREFIX_PATH=${CMAKE_PREFIX_PATH}:/home/ryota/bt_ws/install/realsense2_ros_mqtt_bridge:/home/ryota/bt_ws/install/kfs_approach_pkg:/opt/ros/humble /usr/bin/cmake /home/ryota/manipulator_ws/src/gateway_pkg -DCMAKE_INSTALL_PREFIX=/home/ryota/manipulator_ws/install/gateway_pkg
[0.075s] -- The C compiler identification is GNU 11.4.0
[0.133s] -- The CXX compiler identification is GNU 11.4.0
[0.141s] -- Detecting C compiler ABI info
[0.203s] -- Detecting C compiler ABI info - done
[0.206s] -- Check for working C compiler: /usr/bin/cc - skipped
[0.207s] -- Detecting C compile features
[0.208s] -- Detecting C compile features - done
[0.210s] -- Detecting CXX compiler ABI info
[0.280s] -- Detecting CXX compiler ABI info - done
[0.284s] -- Check for working CXX compiler: /usr/bin/c++ - skipped
[0.284s] -- Detecting CXX compile features
[0.284s] -- Detecting CXX compile features - done
[0.294s] -- Found ament_cmake: 1.3.14 (/opt/ros/humble/share/ament_cmake/cmake)
[0.418s] -- Found Python3: /usr/bin/python3 (found version "3.10.12") found components: Interpreter 
[0.499s] -- Found rclcpp: 16.0.19 (/opt/ros/humble/share/rclcpp/cmake)
[0.540s] -- Found rosidl_generator_c: 3.1.8 (/opt/ros/humble/share/rosidl_generator_c/cmake)
[0.545s] -- Found rosidl_adapter: 3.1.8 (/opt/ros/humble/share/rosidl_adapter/cmake)
[0.552s] -- Found rosidl_generator_cpp: 3.1.8 (/opt/ros/humble/share/rosidl_generator_cpp/cmake)
[0.563s] -- Using all available rosidl_typesupport_c: rosidl_typesupport_fastrtps_c;rosidl_typesupport_introspection_c
[0.576s] -- Using all available rosidl_typesupport_cpp: rosidl_typesupport_fastrtps_cpp;rosidl_typesupport_introspection_cpp
[0.614s] -- Found rmw_implementation_cmake: 6.1.2 (/opt/ros/humble/share/rmw_implementation_cmake/cmake)
[0.616s] -- Found rmw_fastrtps_cpp: 6.2.10 (/opt/ros/humble/share/rmw_fastrtps_cpp/cmake)
[0.706s] -- Found OpenSSL: /usr/lib/x86_64-linux-gnu/libcrypto.so (found version "3.0.2")  
[0.726s] -- Found FastRTPS: /opt/ros/humble/include  
[0.760s] -- Using RMW implementation 'rmw_fastrtps_cpp' as default
[0.770s] -- Looking for pthread.h
[0.841s] -- Looking for pthread.h - found
[0.841s] -- Performing Test CMAKE_HAVE_LIBC_PTHREAD
[0.903s] -- Performing Test CMAKE_HAVE_LIBC_PTHREAD - Success
[0.904s] -- Found Threads: TRUE  
[0.950s] [31mCMake Error at CMakeLists.txt:12 (find_package):
[0.950s]   By not providing "Findserial.cmake" in CMAKE_MODULE_PATH this project has
[0.951s]   asked CMake to find a package configuration file provided by "serial", but
[0.951s]   CMake did not find one.
[0.951s] 
[0.951s]   Could not find a package configuration file provided by "serial" with any
[0.951s]   of the following names:
[0.951s] 
[0.951s]     serialConfig.cmake
[0.951s]     serial-config.cmake
[0.951s] 
[0.951s]   Add the installation prefix of "serial" to CMAKE_PREFIX_PATH or set
[0.951s]   "serial_DIR" to a directory containing one of the above files.  If "serial"
[0.951s]   provides a separate development package or SDK, be sure it has been
[0.951s]   installed.
[0.951s] 
[0.951s] [0m
[0.951s] -- Configuring incomplete, errors occurred!
[0.951s] See also "/home/ryota/manipulator_ws/build/gateway_pkg/CMakeFiles/CMakeOutput.log".
[0.958s] Invoked command in '/home/ryota/manipulator_ws/build/gateway_pkg' returned '1': CMAKE_PREFIX_PATH=${CMAKE_PREFIX_PATH}:/home/ryota/bt_ws/install/realsense2_ros_mqtt_bridge:/home/ryota/bt_ws/install/kfs_approach_pkg:/opt/ros/humble /usr/bin/cmake /home/ryota/manipulator_ws/src/gateway_pkg -DCMAKE_INSTALL_PREFIX=/home/ryota/manipulator_ws/install/gateway_pkg
