[0.010s] Invoking command in '/home/ryota/manipulator_ws/build/serial': /usr/bin/cmake /home/ryota/manipulator_ws/src/serial -DCATKIN_INSTALL_INTO_PREFIX_ROOT=0 -DCMAKE_INSTALL_PREFIX=/home/ryota/manipulator_ws/install/serial
[0.017s] [0mCMake Deprecation Warning at CMakeLists.txt:1 (cmake_minimum_required):
[0.017s]   Compatibility with CMake < 2.8.12 will be removed from a future version of
[0.017s]   CMake.
[0.017s] 
[0.018s]   Update the VERSION argument <min> value or use a ...<max> suffix to tell
[0.018s]   CMake that the project does not need compatibility with older versions.
[0.018s] 
[0.018s] [0m
[0.029s] [31mCMake Error at CMakeLists.txt:5 (find_package):
[0.029s]   By not providing "Findcatkin.cmake" in CMAKE_MODULE_PATH this project has
[0.029s]   asked CMake to find a package configuration file provided by "catkin", but
[0.029s]   CMake did not find one.
[0.029s] 
[0.029s]   Could not find a package configuration file provided by "catkin" with any
[0.029s]   of the following names:
[0.029s] 
[0.030s]     catkinConfig.cmake
[0.030s]     catkin-config.cmake
[0.030s] 
[0.030s]   Add the installation prefix of "catkin" to CMAKE_PREFIX_PATH or set
[0.030s]   "catkin_DIR" to a directory containing one of the above files.  If "catkin"
[0.030s]   provides a separate development package or SDK, be sure it has been
[0.030s]   installed.
[0.030s] 
[0.031s] [0m
[0.031s] -- Configuring incomplete, errors occurred!
[0.031s] See also "/home/ryota/manipulator_ws/build/serial/CMakeFiles/CMakeOutput.log".
[0.031s] Invoked command in '/home/ryota/manipulator_ws/build/serial' returned '1': /usr/bin/cmake /home/ryota/manipulator_ws/src/serial -DCATKIN_INSTALL_INTO_PREFIX_ROOT=0 -DCMAKE_INSTALL_PREFIX=/home/ryota/manipulator_ws/install/serial
