[0.007s] Invoking command in '/home/ryota/manipulator_ws/build/serial': CMAKE_PREFIX_PATH=${CMAKE_PREFIX_PATH}:/home/ryota/bt_ws/install/realsense2_ros_mqtt_bridge:/home/ryota/bt_ws/install/kfs_approach_pkg:/opt/ros/humble /usr/bin/cmake /home/ryota/manipulator_ws/src/serial -DCMAKE_INSTALL_PREFIX=/home/ryota/manipulator_ws/install/serial
[0.021s] -- Found ament_cmake: 1.3.14 (/opt/ros/humble/share/ament_cmake/cmake)
[0.129s] -- Found Python3: /usr/bin/python3 (found version "3.10.12") found components: Interpreter 
[0.248s] -- Configuring done
[0.251s] -- Generating done
[0.253s] -- Build files have been written to: /home/ryota/manipulator_ws/build/serial
[0.255s] Invoked command in '/home/ryota/manipulator_ws/build/serial' returned '0': CMAKE_PREFIX_PATH=${CMAKE_PREFIX_PATH}:/home/ryota/bt_ws/install/realsense2_ros_mqtt_bridge:/home/ryota/bt_ws/install/kfs_approach_pkg:/opt/ros/humble /usr/bin/cmake /home/ryota/manipulator_ws/src/serial -DCMAKE_INSTALL_PREFIX=/home/ryota/manipulator_ws/install/serial
[0.257s] Invoking command in '/home/ryota/manipulator_ws/build/serial': CMAKE_PREFIX_PATH=${CMAKE_PREFIX_PATH}:/home/ryota/bt_ws/install/realsense2_ros_mqtt_bridge:/home/ryota/bt_ws/install/kfs_approach_pkg:/opt/ros/humble /usr/bin/cmake --build /home/ryota/manipulator_ws/build/serial -- -j12 -l12
[0.302s] [ 50%] [32mBuilding CXX object CMakeFiles/serial.dir/src/impl/unix.cc.o[0m
[0.302s] [ 50%] [32mBuilding CXX object CMakeFiles/serial.dir/src/serial.cc.o[0m
[0.302s] [ 75%] [32mBuilding CXX object CMakeFiles/serial.dir/src/impl/list_ports/list_ports_linux.cc.o[0m
[0.636s] [100%] [32m[1mLinking CXX static library libserial.a[0m
[0.671s] [100%] Built target serial
[0.682s] Invoked command in '/home/ryota/manipulator_ws/build/serial' returned '0': CMAKE_PREFIX_PATH=${CMAKE_PREFIX_PATH}:/home/ryota/bt_ws/install/realsense2_ros_mqtt_bridge:/home/ryota/bt_ws/install/kfs_approach_pkg:/opt/ros/humble /usr/bin/cmake --build /home/ryota/manipulator_ws/build/serial -- -j12 -l12
[0.691s] Invoking command in '/home/ryota/manipulator_ws/build/serial': CMAKE_PREFIX_PATH=${CMAKE_PREFIX_PATH}:/home/ryota/bt_ws/install/realsense2_ros_mqtt_bridge:/home/ryota/bt_ws/install/kfs_approach_pkg:/opt/ros/humble /usr/bin/cmake --install /home/ryota/manipulator_ws/build/serial
[0.698s] -- Install configuration: ""
[0.698s] -- Installing: /home/ryota/manipulator_ws/install/serial/share/serial/environment/library_path.sh
[0.698s] -- Installing: /home/ryota/manipulator_ws/install/serial/share/serial/environment/library_path.dsv
[0.698s] -- Installing: /home/ryota/manipulator_ws/install/serial/lib/libserial.a
[0.699s] -- Installing: /home/ryota/manipulator_ws/install/serial/include/serial/serial.h
[0.699s] -- Installing: /home/ryota/manipulator_ws/install/serial/include/serial/v8stdint.h
[0.699s] -- Installing: /home/ryota/manipulator_ws/install/serial/share/ament_index/resource_index/package_run_dependencies/serial
[0.699s] -- Installing: /home/ryota/manipulator_ws/install/serial/share/ament_index/resource_index/parent_prefix_path/serial
[0.699s] -- Installing: /home/ryota/manipulator_ws/install/serial/share/serial/environment/ament_prefix_path.sh
[0.699s] -- Installing: /home/ryota/manipulator_ws/install/serial/share/serial/environment/ament_prefix_path.dsv
[0.699s] -- Installing: /home/ryota/manipulator_ws/install/serial/share/serial/environment/path.sh
[0.700s] -- Installing: /home/ryota/manipulator_ws/install/serial/share/serial/environment/path.dsv
[0.700s] -- Installing: /home/ryota/manipulator_ws/install/serial/share/serial/local_setup.bash
[0.700s] -- Installing: /home/ryota/manipulator_ws/install/serial/share/serial/local_setup.sh
[0.700s] -- Installing: /home/ryota/manipulator_ws/install/serial/share/serial/local_setup.zsh
[0.700s] -- Installing: /home/ryota/manipulator_ws/install/serial/share/serial/local_setup.dsv
[0.700s] -- Installing: /home/ryota/manipulator_ws/install/serial/share/serial/package.dsv
[0.700s] -- Installing: /home/ryota/manipulator_ws/install/serial/share/ament_index/resource_index/packages/serial
[0.700s] -- Installing: /home/ryota/manipulator_ws/install/serial/share/serial/cmake/ament_cmake_export_include_directories-extras.cmake
[0.700s] -- Installing: /home/ryota/manipulator_ws/install/serial/share/serial/cmake/ament_cmake_export_libraries-extras.cmake
[0.700s] -- Installing: /home/ryota/manipulator_ws/install/serial/share/serial/cmake/serialConfig.cmake
[0.701s] -- Installing: /home/ryota/manipulator_ws/install/serial/share/serial/cmake/serialConfig-version.cmake
[0.701s] -- Installing: /home/ryota/manipulator_ws/install/serial/share/serial/package.xml
[0.702s] Invoked command in '/home/ryota/manipulator_ws/build/serial' returned '0': CMAKE_PREFIX_PATH=${CMAKE_PREFIX_PATH}:/home/ryota/bt_ws/install/realsense2_ros_mqtt_bridge:/home/ryota/bt_ws/install/kfs_approach_pkg:/opt/ros/humble /usr/bin/cmake --install /home/ryota/manipulator_ws/build/serial
