[0.009s] Invoking command in '/home/ryota/manipulator_ws/build/serial': /usr/bin/cmake /home/ryota/manipulator_ws/src/serial -DCATKIN_INSTALL_INTO_PREFIX_ROOT=0 -DCMAKE_INSTALL_PREFIX=/home/ryota/manipulator_ws/install/serial
[0.018s] [0mCMake Deprecation Warning at CMakeLists.txt:1 (cmake_minimum_required):
[0.018s]   Compatibility with CMake < 2.8.12 will be removed from a future version of
[0.018s]   CMake.
[0.018s] 
[0.018s]   Update the VERSION argument <min> value or use a ...<max> suffix to tell
[0.018s]   CMake that the project does not need compatibility with older versions.
[0.018s] 
[0.018s] [0m
[0.062s] -- The C compiler identification is GNU 11.4.0
[0.108s] -- The CXX compiler identification is GNU 11.4.0
[0.114s] -- Detecting C compiler ABI info
[0.179s] -- Detecting C compiler ABI info - done
[0.183s] -- Check for working C compiler: /usr/bin/cc - skipped
[0.183s] -- Detecting C compile features
[0.183s] -- Detecting C compile features - done
[0.185s] -- Detecting CXX compiler ABI info
[0.257s] -- Detecting CXX compiler ABI info - done
[0.261s] -- Check for working CXX compiler: /usr/bin/c++ - skipped
[0.262s] -- Detecting CXX compile features
[0.262s] -- Detecting CXX compile features - done
[0.272s] [31mCMake Error at CMakeLists.txt:5 (find_package):
[0.272s]   By not providing "Findcatkin.cmake" in CMAKE_MODULE_PATH this project has
[0.272s]   asked CMake to find a package configuration file provided by "catkin", but
[0.272s]   CMake did not find one.
[0.272s] 
[0.272s]   Could not find a package configuration file provided by "catkin" with any
[0.272s]   of the following names:
[0.272s] 
[0.272s]     catkinConfig.cmake
[0.272s]     catkin-config.cmake
[0.272s] 
[0.272s]   Add the installation prefix of "catkin" to CMAKE_PREFIX_PATH or set
[0.272s]   "catkin_DIR" to a directory containing one of the above files.  If "catkin"
[0.273s]   provides a separate development package or SDK, be sure it has been
[0.273s]   installed.
[0.273s] 
[0.273s] [0m
[0.273s] -- Configuring incomplete, errors occurred!
[0.273s] See also "/home/ryota/manipulator_ws/build/serial/CMakeFiles/CMakeOutput.log".
[0.274s] Invoked command in '/home/ryota/manipulator_ws/build/serial' returned '1': /usr/bin/cmake /home/ryota/manipulator_ws/src/serial -DCATKIN_INSTALL_INTO_PREFIX_ROOT=0 -DCMAKE_INSTALL_PREFIX=/home/ryota/manipulator_ws/install/serial
